<?xml version="1.0" encoding="utf-8"?><testsuites name="pytest tests"><testsuite name="pytest" errors="0" failures="0" skipped="0" tests="30" time="57.836" timestamp="2026-08-22T21:20:21.466575+00:00" hostname="agent-env-d2e91b73-c029-4dbb-81e6-45269ce77da7"><testcase classname="tests.backend_test.TestHealthAuth" name="test_root_and_health" time="2.105" /><testcase classname="tests.backend_test.TestHealthAuth" name="test_login_success" time="0.698" /><testcase classname="tests.backend_test.TestHealthAuth" name="test_login_wrong_password" time="0.699" /><testcase classname="tests.backend_test.TestHealthAuth" name="test_login_unknown_email" time="0.193" /><testcase classname="tests.backend_test.TestHealthAuth" name="test_me" time="0.702" /><testcase classname="tests.backend_test.TestHealthAuth" name="test_me_without_token" time="0.149" /><testcase classname="tests.backend_test.TestHealthAuth" name="test_signup_creates_user_tenant_and_demo_catalog" time="1.148" /><testcase classname="tests.backend_test.TestCatalogs" name="test_list_catalogs" time="0.082" /><testcase classname="tests.backend_test.TestCatalogs" name="test_template_csv" time="0.053" /><testcase classname="tests.backend_test.TestCatalogs" name="test_import_preview" time="0.417" /><testcase classname="tests.backend_test.TestCatalogs" name="test_import_activate_and_items" time="0.214" /><testcase classname="tests.backend_test.TestCatalogs" name="test_catalog_search" time="0.132" /><testcase classname="tests.backend_test.TestCatalogs" name="test_import_bad_file_rejected" time="0.050" /><testcase classname="tests.backend_test.TestCatalogs" name="test_zz_reactivate_demo_and_cleanup" time="0.349" /><testcase classname="tests.backend_test.TestRequestsCrud" name="test_create_list_get_patch_delete" time="0.767" /><testcase classname="tests.backend_test.TestRequestsCrud" name="test_create_without_content_rejected" time="0.059" /><testcase classname="tests.backend_test.TestRequestsCrud" name="test_get_unknown_request_404" time="0.073" /><testcase classname="tests.backend_test.TestQuotes" name="test_draft_deterministic_matching" time="47.977" /><testcase classname="tests.backend_test.TestQuotes" name="test_draft_unknown_request_404" time="0.067" /><testcase classname="tests.backend_test.TestQuotes" name="test_list_and_get" time="0.122" /><testcase classname="tests.backend_test.TestQuotes" name="test_patch_recomputes_totals" time="0.133" /><testcase classname="tests.backend_test.TestQuotes" name="test_pdf" time="0.101" /><testcase classname="tests.backend_test.TestQuotes" name="test_status_transitions" time="0.509" /><testcase classname="tests.backend_test.TestQuotes" name="test_duplicate" time="0.353" /><testcase classname="tests.backend_test.TestQuotes" name="test_rematch_restores_catalog_prices" time="0.076" /><testcase classname="tests.backend_test.TestQuotes" name="test_zz_cleanup_quote" time="0.059" /><testcase classname="tests.backend_test.TestDashboardAuditMembers" name="test_dashboard" time="0.100" /><testcase classname="tests.backend_test.TestDashboardAuditMembers" name="test_audit" time="0.059" /><testcase classname="tests.backend_test.TestDashboardAuditMembers" name="test_members" time="0.059" /><testcase classname="tests.backend_test.TestDashboardAuditMembers" name="test_settings_and_company_profile" time="0.301" /></testsuite></testsuites>