<?xml version="1.0" encoding="utf-8"?><testsuites name="pytest tests"><testsuite name="pytest" errors="0" failures="0" skipped="0" tests="66" time="32.068" timestamp="2026-08-22T22:03:42.612406+00:00" hostname="agent-env-d2e91b73-c029-4dbb-81e6-45269ce77da7"><testcase classname="tests.backend_test.TestHealthAuth" name="test_root_and_health" time="0.358" /><testcase classname="tests.backend_test.TestHealthAuth" name="test_login_success" time="0.623" /><testcase classname="tests.backend_test.TestHealthAuth" name="test_login_wrong_password" time="0.698" /><testcase classname="tests.backend_test.TestHealthAuth" name="test_login_unknown_email" time="0.191" /><testcase classname="tests.backend_test.TestHealthAuth" name="test_me" time="0.666" /><testcase classname="tests.backend_test.TestHealthAuth" name="test_me_without_token" time="0.116" /><testcase classname="tests.backend_test.TestHealthAuth" name="test_signup_creates_user_tenant_and_demo_catalog" time="1.019" /><testcase classname="tests.backend_test.TestCatalogs" name="test_list_catalogs" time="0.109" /><testcase classname="tests.backend_test.TestCatalogs" name="test_template_csv" time="0.090" /><testcase classname="tests.backend_test.TestCatalogs" name="test_import_preview" time="0.209" /><testcase classname="tests.backend_test.TestCatalogs" name="test_import_activate_and_items" time="0.305" /><testcase classname="tests.backend_test.TestCatalogs" name="test_catalog_search" time="0.196" /><testcase classname="tests.backend_test.TestCatalogs" name="test_import_bad_file_rejected" time="0.094" /><testcase classname="tests.backend_test.TestCatalogs" name="test_zz_reactivate_demo_and_cleanup" time="0.403" /><testcase classname="tests.backend_test.TestRequestsCrud" name="test_create_list_get_patch_delete" time="0.700" /><testcase classname="tests.backend_test.TestRequestsCrud" name="test_create_without_content_rejected" time="0.097" /><testcase classname="tests.backend_test.TestRequestsCrud" name="test_get_unknown_request_404" time="0.102" /><testcase classname="tests.backend_test.TestQuotes" name="test_draft_deterministic_matching" time="2.667" /><testcase classname="tests.backend_test.TestQuotes" name="test_draft_unknown_request_404" time="0.071" /><testcase classname="tests.backend_test.TestQuotes" name="test_list_and_get" time="0.145" /><testcase classname="tests.backend_test.TestQuotes" name="test_patch_recomputes_totals" time="0.168" /><testcase classname="tests.backend_test.TestQuotes" name="test_pdf" time="0.083" /><testcase classname="tests.backend_test.TestQuotes" name="test_status_transitions" time="0.645" /><testcase classname="tests.backend_test.TestQuotes" name="test_duplicate" time="0.379" /><testcase classname="tests.backend_test.TestQuotes" name="test_rematch_restores_catalog_prices" time="0.092" /><testcase classname="tests.backend_test.TestQuotes" name="test_zz_cleanup_quote" time="0.073" /><testcase classname="tests.backend_test.TestDashboardAuditMembers" name="test_dashboard" time="0.068" /><testcase classname="tests.backend_test.TestDashboardAuditMembers" name="test_audit" time="0.108" /><testcase classname="tests.backend_test.TestDashboardAuditMembers" name="test_members" time="0.108" /><testcase classname="tests.backend_test.TestDashboardAuditMembers" name="test_settings_and_company_profile" time="0.169" /><testcase classname="tests.test_ai_service_unit.TestPdfExtraction" name="test_table_pdf_text_and_tables" time="0.311" /><testcase classname="tests.test_ai_service_unit.TestPdfExtraction" name="test_table_pdf_not_flagged_for_vision_fallback" time="0.063" /><testcase classname="tests.test_ai_service_unit.TestPdfExtraction" name="test_tables_extractor_never_raises" time="0.000" /><testcase classname="tests.test_ai_service_unit.TestPdfExtraction" name="test_extract_pdf_text_on_plain_pdf" time="0.004" /><testcase classname="tests.test_ai_service_unit.TestConfigDefaults" name="test_model_defaults" time="0.000" /><testcase classname="tests.test_ai_service_unit.TestConfigDefaults" name="test_semaphore_matches_env" time="0.000" /><testcase classname="tests.test_ai_service_unit.TestConfigDefaults" name="test_semaphore_serializes" time="0.152" /><testcase classname="tests.test_ai_service_unit.TestNormalizeExtracted" name="test_normalize_keeps_line_items" time="0.000" /><testcase classname="tests.test_ai_service_unit.TestNormalizeExtracted" name="test_normalize_handles_empty" time="0.000" /><testcase classname="tests.test_catalog_cache_invalidation" name="test_import_activate_evicts_cache_immediately" time="0.737" /><testcase classname="tests.test_catalog_cache_invalidation" name="test_activate_version_switch_immediate" time="0.804" /><testcase classname="tests.test_catalog_cache_invalidation" name="test_deactivate_immediate" time="0.806" /><testcase classname="tests.test_catalog_cache_invalidation" name="test_deactivate_last_active_returns_none" time="0.584" /><testcase classname="tests.test_catalog_cache_invalidation" name="test_delete_active_catalog_immediate" time="0.703" /><testcase classname="tests.test_catalog_cache_invalidation" name="test_quote_draft_uses_fresh_prices_immediately" time="0.602" /><testcase classname="tests.test_redis_queue" name="test_redis_reachable" time="0.086" /><testcase classname="tests.test_redis_queue" name="test_rq_worker_present" time="0.015" /><testcase classname="tests.test_redis_queue" name="test_create_request_enqueues_and_reaches_terminal_state" time="3.383" /><testcase classname="tests.test_redis_queue" name="test_catalog_cache_uses_redis_and_is_evicted" time="0.647" /><testcase classname="tests.test_settings_members_dashboard.TestMembers" name="test_invite_member_and_change_role" time="1.458" /><testcase classname="tests.test_settings_members_dashboard.TestMembers" name="test_invalid_role_rejected" time="0.098" /><testcase classname="tests.test_settings_members_dashboard.TestMembers" name="test_duplicate_member_rejected" time="0.100" /><testcase classname="tests.test_settings_members_dashboard.TestMembers" name="test_patch_unknown_member_404" time="0.063" /><testcase classname="tests.test_settings_members_dashboard.TestMembers" name="test_zz_viewer_rbac" time="0.756" /><testcase classname="tests.test_settings_members_dashboard.TestSettingsCompanyProfile" name="test_settings_roundtrip" time="0.327" /><testcase classname="tests.test_settings_members_dashboard.TestSettingsCompanyProfile" name="test_company_profile_roundtrip" time="0.296" /><testcase classname="tests.test_settings_members_dashboard.TestCatalogLifecycle" name="test_patch_deactivate_reactivate_demo" time="0.768" /><testcase classname="tests.test_settings_members_dashboard.TestCatalogLifecycle" name="test_unknown_catalog_404" time="0.207" /><testcase classname="tests.test_settings_members_dashboard.TestCatalogLifecycle" name="test_catalog_active_shape" time="0.089" /><testcase classname="tests.test_settings_members_dashboard.TestDashboardCoherence" name="test_dashboard_matches_quotes_and_requests" time="0.339" /><testcase classname="tests.test_single_active_catalog" name="test_import_activate_deactivates_other_catalogs" time="1.337" /><testcase classname="tests.test_single_active_catalog" name="test_activate_endpoint_keeps_single_active" time="1.602" /><testcase classname="tests.test_single_active_catalog" name="test_other_catalog_versions_archived" time="0.694" /><testcase classname="tests.test_single_active_catalog" name="test_demo_catalog_deactivated_when_other_activated" time="0.899" /><testcase classname="tests.test_single_active_catalog" name="test_patch_catalog_evicts_cache_immediately" time="0.807" /><testcase classname="tests.test_single_active_catalog" name="test_single_active_invariant_is_tenant_scoped" time="2.277" /></testsuite></testsuites>