<?xml version="1.0" encoding="utf-8"?><testsuites name="pytest tests"><testsuite name="pytest" errors="0" failures="1" skipped="0" tests="20" time="5.515" timestamp="2026-08-22T21:28:02.799524+00:00" hostname="agent-env-d2e91b73-c029-4dbb-81e6-45269ce77da7"><testcase classname="tests.test_settings_members_dashboard.TestMembers" name="test_invite_member_and_change_role" time="2.192" /><testcase classname="tests.test_settings_members_dashboard.TestMembers" name="test_invalid_role_rejected" time="0.090" /><testcase classname="tests.test_settings_members_dashboard.TestMembers" name="test_duplicate_member_rejected" time="0.098" /><testcase classname="tests.test_settings_members_dashboard.TestMembers" name="test_patch_unknown_member_404" time="0.053" /><testcase classname="tests.test_settings_members_dashboard.TestMembers" name="test_zz_viewer_rbac" time="0.752" /><testcase classname="tests.test_settings_members_dashboard.TestSettingsCompanyProfile" name="test_settings_roundtrip" time="0.348" /><testcase classname="tests.test_settings_members_dashboard.TestSettingsCompanyProfile" name="test_company_profile_roundtrip" time="0.229"><failure message="KeyError: 'name'">tests/test_settings_members_dashboard.py:129: in test_company_profile_roundtrip
    assert after["name"] == "TEST_Blueseatra SARL"
           ^^^^^^^^^^^^^
E   KeyError: 'name'</failure></testcase><testcase classname="tests.test_settings_members_dashboard.TestCatalogLifecycle" name="test_patch_deactivate_reactivate_demo" time="0.682" /><testcase classname="tests.test_settings_members_dashboard.TestCatalogLifecycle" name="test_unknown_catalog_404" time="0.167" /><testcase classname="tests.test_settings_members_dashboard.TestCatalogLifecycle" name="test_catalog_active_shape" time="0.050" /><testcase classname="tests.test_settings_members_dashboard.TestDashboardCoherence" name="test_dashboard_matches_quotes_and_requests" time="0.151" /><testcase classname="tests.test_ai_service_unit.TestPdfExtraction" name="test_table_pdf_text_and_tables" time="0.253" /><testcase classname="tests.test_ai_service_unit.TestPdfExtraction" name="test_table_pdf_not_flagged_for_vision_fallback" time="0.010" /><testcase classname="tests.test_ai_service_unit.TestPdfExtraction" name="test_tables_extractor_never_raises" time="0.000" /><testcase classname="tests.test_ai_service_unit.TestPdfExtraction" name="test_extract_pdf_text_on_plain_pdf" time="0.063" /><testcase classname="tests.test_ai_service_unit.TestConfigDefaults" name="test_model_defaults" time="0.000" /><testcase classname="tests.test_ai_service_unit.TestConfigDefaults" name="test_semaphore_matches_env" time="0.000" /><testcase classname="tests.test_ai_service_unit.TestConfigDefaults" name="test_semaphore_serializes" time="0.151" /><testcase classname="tests.test_ai_service_unit.TestNormalizeExtracted" name="test_normalize_keeps_line_items" time="0.000" /><testcase classname="tests.test_ai_service_unit.TestNormalizeExtracted" name="test_normalize_handles_empty" time="0.000" /></testsuite></testsuites>