<?xml version="1.0" encoding="utf-8"?><testsuites name="pytest tests"><testsuite name="pytest" errors="0" failures="0" skipped="0" tests="56" time="18.888" timestamp="2026-08-22T21:38:07.896145+00:00" hostname="agent-env-d2e91b73-c029-4dbb-81e6-45269ce77da7"><testcase classname="tests.backend_test.TestHealthAuth" name="test_root_and_health" time="0.366" /><testcase classname="tests.backend_test.TestHealthAuth" name="test_login_success" time="0.439" /><testcase classname="tests.backend_test.TestHealthAuth" name="test_login_wrong_password" time="0.623" /><testcase classname="tests.backend_test.TestHealthAuth" name="test_login_unknown_email" time="0.184" /><testcase classname="tests.backend_test.TestHealthAuth" name="test_me" time="0.897" /><testcase classname="tests.backend_test.TestHealthAuth" name="test_me_without_token" time="0.129" /><testcase classname="tests.backend_test.TestHealthAuth" name="test_signup_creates_user_tenant_and_demo_catalog" time="1.100" /><testcase classname="tests.backend_test.TestCatalogs" name="test_list_catalogs" time="0.057" /><testcase classname="tests.backend_test.TestCatalogs" name="test_template_csv" time="0.055" /><testcase classname="tests.backend_test.TestCatalogs" name="test_import_preview" time="0.113" /><testcase classname="tests.backend_test.TestCatalogs" name="test_import_activate_and_items" time="0.273" /><testcase classname="tests.backend_test.TestCatalogs" name="test_catalog_search" time="0.119" /><testcase classname="tests.backend_test.TestCatalogs" name="test_import_bad_file_rejected" time="0.099" /><testcase classname="tests.backend_test.TestCatalogs" name="test_zz_reactivate_demo_and_cleanup" time="0.265" /><testcase classname="tests.backend_test.TestRequestsCrud" name="test_create_list_get_patch_delete" time="0.672" /><testcase classname="tests.backend_test.TestRequestsCrud" name="test_create_without_content_rejected" time="0.068" /><testcase classname="tests.backend_test.TestRequestsCrud" name="test_get_unknown_request_404" time="0.095" /><testcase classname="tests.backend_test.TestQuotes" name="test_draft_deterministic_matching" time="2.604" /><testcase classname="tests.backend_test.TestQuotes" name="test_draft_unknown_request_404" time="0.093" /><testcase classname="tests.backend_test.TestQuotes" name="test_list_and_get" time="0.158" /><testcase classname="tests.backend_test.TestQuotes" name="test_patch_recomputes_totals" time="0.122" /><testcase classname="tests.backend_test.TestQuotes" name="test_pdf" time="0.116" /><testcase classname="tests.backend_test.TestQuotes" name="test_status_transitions" time="0.439" /><testcase classname="tests.backend_test.TestQuotes" name="test_duplicate" time="0.258" /><testcase classname="tests.backend_test.TestQuotes" name="test_rematch_restores_catalog_prices" time="0.092" /><testcase classname="tests.backend_test.TestQuotes" name="test_zz_cleanup_quote" time="0.095" /><testcase classname="tests.backend_test.TestDashboardAuditMembers" name="test_dashboard" time="0.092" /><testcase classname="tests.backend_test.TestDashboardAuditMembers" name="test_audit" time="0.106" /><testcase classname="tests.backend_test.TestDashboardAuditMembers" name="test_members" time="0.098" /><testcase classname="tests.backend_test.TestDashboardAuditMembers" name="test_settings_and_company_profile" time="0.152" /><testcase classname="tests.test_ai_service_unit.TestPdfExtraction" name="test_table_pdf_text_and_tables" time="0.336" /><testcase classname="tests.test_ai_service_unit.TestPdfExtraction" name="test_table_pdf_not_flagged_for_vision_fallback" time="0.011" /><testcase classname="tests.test_ai_service_unit.TestPdfExtraction" name="test_tables_extractor_never_raises" time="0.000" /><testcase classname="tests.test_ai_service_unit.TestPdfExtraction" name="test_extract_pdf_text_on_plain_pdf" time="0.004" /><testcase classname="tests.test_ai_service_unit.TestConfigDefaults" name="test_model_defaults" time="0.000" /><testcase classname="tests.test_ai_service_unit.TestConfigDefaults" name="test_semaphore_matches_env" time="0.000" /><testcase classname="tests.test_ai_service_unit.TestConfigDefaults" name="test_semaphore_serializes" time="0.151" /><testcase classname="tests.test_ai_service_unit.TestNormalizeExtracted" name="test_normalize_keeps_line_items" time="0.000" /><testcase classname="tests.test_ai_service_unit.TestNormalizeExtracted" name="test_normalize_handles_empty" time="0.000" /><testcase classname="tests.test_catalog_cache_invalidation" name="test_import_activate_evicts_cache_immediately" time="0.548" /><testcase classname="tests.test_catalog_cache_invalidation" name="test_activate_version_switch_immediate" time="0.796" /><testcase classname="tests.test_catalog_cache_invalidation" name="test_deactivate_immediate" time="0.609" /><testcase classname="tests.test_catalog_cache_invalidation" name="test_deactivate_last_active_returns_none" time="0.466" /><testcase classname="tests.test_catalog_cache_invalidation" name="test_delete_active_catalog_immediate" time="0.638" /><testcase classname="tests.test_catalog_cache_invalidation" name="test_quote_draft_uses_fresh_prices_immediately" time="0.444" /><testcase classname="tests.test_settings_members_dashboard.TestMembers" name="test_invite_member_and_change_role" time="1.491" /><testcase classname="tests.test_settings_members_dashboard.TestMembers" name="test_invalid_role_rejected" time="0.072" /><testcase classname="tests.test_settings_members_dashboard.TestMembers" name="test_duplicate_member_rejected" time="0.056" /><testcase classname="tests.test_settings_members_dashboard.TestMembers" name="test_patch_unknown_member_404" time="0.053" /><testcase classname="tests.test_settings_members_dashboard.TestMembers" name="test_zz_viewer_rbac" time="0.994" /><testcase classname="tests.test_settings_members_dashboard.TestSettingsCompanyProfile" name="test_settings_roundtrip" time="0.252" /><testcase classname="tests.test_settings_members_dashboard.TestSettingsCompanyProfile" name="test_company_profile_roundtrip" time="0.325" /><testcase classname="tests.test_settings_members_dashboard.TestCatalogLifecycle" name="test_patch_deactivate_reactivate_demo" time="0.550" /><testcase classname="tests.test_settings_members_dashboard.TestCatalogLifecycle" name="test_unknown_catalog_404" time="0.177" /><testcase classname="tests.test_settings_members_dashboard.TestCatalogLifecycle" name="test_catalog_active_shape" time="0.077" /><testcase classname="tests.test_settings_members_dashboard.TestDashboardCoherence" name="test_dashboard_matches_quotes_and_requests" time="0.469" /></testsuite></testsuites>